<?xml version="1.0" encoding="UTF-8"?>
<robot generator="Robot 6.1.1 (Python 3.7.7 on win32)" generated="20250921 18:52:42.884" rpa="false" schemaversion="4">
<suite id="s1" name="learnAPITest" source="C:\Users\ADMIN\PycharmProjects\RobotFramework\Test\learnAPITest.robot">
<test id="s1-t1" name="Learn dictionary in robotframework" line="11">
<kw name="Create Dictionary" library="BuiltIn">
<var>&amp;{data}</var>
<arg>name=vinothini</arg>
<arg>place=cuddalore</arg>
<arg>designation=Sr testAnalyst</arg>
<doc>Creates and returns a dictionary based on the given ``items``.</doc>
<msg timestamp="20250921 18:52:42.996" level="INFO">&amp;{data} = { name=vinothini | place=cuddalore | designation=Sr testAnalyst }</msg>
<status status="PASS" starttime="20250921 18:52:42.996" endtime="20250921 18:52:42.996"/>
</kw>
<kw name="Log" library="BuiltIn">
<arg>${data}</arg>
<doc>Logs the given message with the given level.</doc>
<msg timestamp="20250921 18:52:42.996" level="INFO">{'name': 'vinothini', 'place': 'cuddalore', 'designation': 'Sr testAnalyst'}</msg>
<status status="PASS" starttime="20250921 18:52:42.996" endtime="20250921 18:52:42.996"/>
</kw>
<kw name="Log" library="BuiltIn">
<arg>${data}[designation]</arg>
<doc>Logs the given message with the given level.</doc>
<msg timestamp="20250921 18:52:42.996" level="INFO">Sr testAnalyst</msg>
<status status="PASS" starttime="20250921 18:52:42.996" endtime="20250921 18:52:42.996"/>
</kw>
<kw name="Get From Dictionary" library="Collections">
<var>${dicData}</var>
<arg>${data}</arg>
<arg>name</arg>
<doc>Returns a value from the given ``dictionary`` based on the given ``key``.</doc>
<msg timestamp="20250921 18:52:42.996" level="INFO">${dicData} = vinothini</msg>
<status status="PASS" starttime="20250921 18:52:42.996" endtime="20250921 18:52:42.996"/>
</kw>
<kw name="Log" library="BuiltIn">
<arg>${dicData}</arg>
<doc>Logs the given message with the given level.</doc>
<msg timestamp="20250921 18:52:42.996" level="INFO">vinothini</msg>
<status status="PASS" starttime="20250921 18:52:42.996" endtime="20250921 18:52:42.996"/>
</kw>
<status status="PASS" starttime="20250921 18:52:42.996" endtime="20250921 18:52:42.996"/>
</test>
<test id="s1-t2" name="Add book into a library" line="18">
<kw name="Create Dictionary" library="BuiltIn">
<var>&amp;{add_Book}</var>
<arg>name=${bookName}</arg>
<arg>isbn=terre</arg>
<arg>aisle=16557</arg>
<arg>author=vinothiniK</arg>
<doc>Creates and returns a dictionary based on the given ``items``.</doc>
<msg timestamp="20250921 18:52:42.996" level="INFO">&amp;{add_Book} = { name=learnRobotframeworkFromScratch | isbn=terre | aisle=16557 | author=vinothiniK }</msg>
<status status="PASS" starttime="20250921 18:52:42.996" endtime="20250921 18:52:42.996"/>
</kw>
<kw name="POST" library="RequestsLibrary">
<var>${response}</var>
<arg>${baseURI}/Library/Addbook.php</arg>
<arg>json=${add_Book}</arg>
<arg>expected_status=200</arg>
<doc>Sends a POST request.</doc>
<msg timestamp="20250921 18:52:43.128" level="INFO">POST Request : url=https://rahulshettyacademy.com/Library/Addbook.php 
 path_url=/Library/Addbook.php 
 headers={'User-Agent': 'python-requests/2.31.0', 'Accept-Encoding': 'gzip, deflate', 'Accept': '*/*', 'Connection': 'keep-alive', 'Content-Length': '101', 'Content-Type': 'application/json'} 
 body=b'{"name": "learnRobotframeworkFromScratch", "isbn": "terre", "aisle": "16557", "author": "vinothiniK"}' 
 </msg>
<msg timestamp="20250921 18:52:43.128" level="INFO">POST Response : url=https://rahulshettyacademy.com/Library/Addbook.php 
 status=200, reason=OK 
 headers={'Date': 'Sun, 21 Sep 2025 13:22:43 GMT', 'Server': 'Apache/2.4.52 (Ubuntu)', 'Access-Control-Allow-Origin': '*', 'Access-Control-Allow-Methods': 'POST', 'Access-Control-Max-Age': '3600', 'Access-Control-Allow-Headers': 'Content-Type, Access-Control-Allow-Headers, Authorization, X-Requested-With', 'Content-Length': '46', 'Keep-Alive': 'timeout=5, max=100', 'Connection': 'Keep-Alive', 'Content-Type': 'application/json;charset=UTF-8'} 
 body={"Msg":"successfully added","ID":"terre16557"} 
 </msg>
<msg timestamp="20250921 18:52:43.129" level="INFO">${response} = &lt;Response [200]&gt;</msg>
<status status="PASS" starttime="20250921 18:52:42.996" endtime="20250921 18:52:43.129"/>
</kw>
<kw name="Log" library="BuiltIn">
<arg>${response.json()}</arg>
<doc>Logs the given message with the given level.</doc>
<msg timestamp="20250921 18:52:43.131" level="INFO">{'Msg': 'successfully added', 'ID': 'terre16557'}</msg>
<status status="PASS" starttime="20250921 18:52:43.130" endtime="20250921 18:52:43.131"/>
</kw>
<kw name="Dictionary Should Contain Key" library="Collections">
<arg>${response.json()}</arg>
<arg>ID</arg>
<doc>Fails if ``key`` is not found from ``dictionary``.</doc>
<status status="PASS" starttime="20250921 18:52:43.132" endtime="20250921 18:52:43.134"/>
</kw>
<kw name="Get From Dictionary" library="Collections">
<var>${bookID}</var>
<arg>${response.json()}</arg>
<arg>ID</arg>
<doc>Returns a value from the given ``dictionary`` based on the given ``key``.</doc>
<msg timestamp="20250921 18:52:43.136" level="INFO">${bookID} = terre16557</msg>
<status status="PASS" starttime="20250921 18:52:43.135" endtime="20250921 18:52:43.136"/>
</kw>
<kw name="Log" library="BuiltIn">
<arg>${bookID}</arg>
<doc>Logs the given message with the given level.</doc>
<msg timestamp="20250921 18:52:43.137" level="INFO">terre16557</msg>
<status status="PASS" starttime="20250921 18:52:43.137" endtime="20250921 18:52:43.138"/>
</kw>
<kw name="Set Global Variable" library="BuiltIn">
<arg>${bookID}</arg>
<doc>Makes a variable available globally in all tests and suites.</doc>
<msg timestamp="20250921 18:52:43.139" level="INFO">${bookID} = terre16557</msg>
<status status="PASS" starttime="20250921 18:52:43.138" endtime="20250921 18:52:43.139"/>
</kw>
<kw name="Should Be Equal As Strings" library="BuiltIn">
<arg>successfully added</arg>
<arg>${response.json()}[Msg]</arg>
<doc>Fails if objects are unequal after converting them to strings.</doc>
<status status="PASS" starttime="20250921 18:52:43.140" endtime="20250921 18:52:43.141"/>
</kw>
<status status="PASS" starttime="20250921 18:52:42.996" endtime="20250921 18:52:43.142"/>
</test>
<test id="s1-t3" name="Get book details" line="28">
<kw name="GET" library="RequestsLibrary">
<var>${response}</var>
<arg>${baseURI}/Library/GetBook.php?</arg>
<arg>params=ID=${bookID}</arg>
<arg>expected_status=200</arg>
<doc>Sends a GET request.</doc>
<msg timestamp="20250921 18:52:43.253" level="INFO">GET Request : url=https://rahulshettyacademy.com/Library/GetBook.php?ID=terre16557 
 path_url=/Library/GetBook.php?ID=terre16557 
 headers={'User-Agent': 'python-requests/2.31.0', 'Accept-Encoding': 'gzip, deflate', 'Accept': '*/*', 'Connection': 'keep-alive'} 
 body=None 
 </msg>
<msg timestamp="20250921 18:52:43.253" level="INFO">GET Response : url=https://rahulshettyacademy.com/Library/GetBook.php?ID=terre16557 
 status=200, reason=OK 
 headers={'Date': 'Sun, 21 Sep 2025 13:22:43 GMT', 'Server': 'Apache/2.4.52 (Ubuntu)', 'Access-Control-Allow-Origin': '*', 'Access-Control-Allow-Methods': 'POST', 'Access-Control-Max-Age': '3600', 'Access-Control-Allow-Headers': 'Content-Type, Access-Control-Allow-Headers, Authorization, X-Requested-With', 'Content-Length': '101', 'Keep-Alive': 'timeout=5, max=100', 'Connection': 'Keep-Alive', 'Content-Type': 'application/json;charset=UTF-8'} 
 body=[{"book_name":"learnRobotframeworkFromScratch","isbn":"terre","aisle":"16557","author":"vinothiniK"}] 
 </msg>
<msg timestamp="20250921 18:52:43.253" level="INFO">${response} = &lt;Response [200]&gt;</msg>
<status status="PASS" starttime="20250921 18:52:43.143" endtime="20250921 18:52:43.253"/>
</kw>
<kw name="Log" library="BuiltIn">
<arg>${response.json()}</arg>
<doc>Logs the given message with the given level.</doc>
<msg timestamp="20250921 18:52:43.253" level="INFO">[{'book_name': 'learnRobotframeworkFromScratch', 'isbn': 'terre', 'aisle': '16557', 'author': 'vinothiniK'}]</msg>
<status status="PASS" starttime="20250921 18:52:43.253" endtime="20250921 18:52:43.253"/>
</kw>
<kw name="Should Be Equal As Strings" library="BuiltIn">
<arg>${bookName}</arg>
<arg>${response.json()}[0][book_name]</arg>
<doc>Fails if objects are unequal after converting them to strings.</doc>
<status status="PASS" starttime="20250921 18:52:43.253" endtime="20250921 18:52:43.253"/>
</kw>
<status status="PASS" starttime="20250921 18:52:43.143" endtime="20250921 18:52:43.253"/>
</test>
<test id="s1-t4" name="Delete added book from library" line="33">
<kw name="Create Dictionary" library="BuiltIn">
<var>&amp;{deleteBook}</var>
<arg>ID=${bookID}</arg>
<doc>Creates and returns a dictionary based on the given ``items``.</doc>
<msg timestamp="20250921 18:52:43.253" level="INFO">&amp;{deleteBook} = { ID=terre16557 }</msg>
<status status="PASS" starttime="20250921 18:52:43.253" endtime="20250921 18:52:43.253"/>
</kw>
<kw name="POST" library="RequestsLibrary">
<var>${response}</var>
<arg>${baseURI}/Library/DeleteBook.php</arg>
<arg>json=${deleteBook}</arg>
<arg>expected_status=200</arg>
<doc>Sends a POST request.</doc>
<msg timestamp="20250921 18:52:43.379" level="INFO">POST Request : url=https://rahulshettyacademy.com/Library/DeleteBook.php 
 path_url=/Library/DeleteBook.php 
 headers={'User-Agent': 'python-requests/2.31.0', 'Accept-Encoding': 'gzip, deflate', 'Accept': '*/*', 'Connection': 'keep-alive', 'Content-Length': '20', 'Content-Type': 'application/json'} 
 body=b'{"ID": "terre16557"}' 
 </msg>
<msg timestamp="20250921 18:52:43.379" level="INFO">POST Response : url=https://rahulshettyacademy.com/Library/DeleteBook.php 
 status=200, reason=OK 
 headers={'Date': 'Sun, 21 Sep 2025 13:22:43 GMT', 'Server': 'Apache/2.4.52 (Ubuntu)', 'Access-Control-Allow-Origin': '*', 'Access-Control-Allow-Methods': 'POST', 'Access-Control-Max-Age': '3600', 'Access-Control-Allow-Headers': 'Content-Type, Access-Control-Allow-Headers, Authorization, X-Requested-With', 'Content-Length': '38', 'Keep-Alive': 'timeout=5, max=100', 'Connection': 'Keep-Alive', 'Content-Type': 'application/json;charset=UTF-8'} 
 body={"msg":"book is successfully deleted"} 
 </msg>
<msg timestamp="20250921 18:52:43.379" level="INFO">${response} = &lt;Response [200]&gt;</msg>
<status status="PASS" starttime="20250921 18:52:43.253" endtime="20250921 18:52:43.379"/>
</kw>
<kw name="Log" library="BuiltIn">
<arg>${response.json()}</arg>
<doc>Logs the given message with the given level.</doc>
<msg timestamp="20250921 18:52:43.379" level="INFO">{'msg': 'book is successfully deleted'}</msg>
<status status="PASS" starttime="20250921 18:52:43.379" endtime="20250921 18:52:43.379"/>
</kw>
<status status="PASS" starttime="20250921 18:52:43.253" endtime="20250921 18:52:43.379"/>
</test>
<status status="PASS" starttime="20250921 18:52:42.884" endtime="20250921 18:52:43.395"/>
</suite>
<statistics>
<total>
<stat pass="4" fail="0" skip="0">All Tests</stat>
</total>
<tag>
</tag>
<suite>
<stat pass="4" fail="0" skip="0" id="s1" name="learnAPITest">learnAPITest</stat>
</suite>
</statistics>
<errors>
</errors>
</robot>
