<?xml version="1.0" encoding="UTF-8"?>
<robot generator="Robot 6.1.1 (Python 3.7.7 on win32)" generated="20250920 15:31:32.125" rpa="false" schemaversion="4">
<suite id="s1" name="endToendPractice" source="C:\Users\ADMIN\PycharmProjects\RobotFramework\Test\endToendPractice.robot">
<test id="s1-t1" name="Verify cards title in the shop page" line="20">
<kw name="Open browser with url" library="generic" type="SETUP">
<kw name="Create Webdriver" library="SeleniumLibrary">
<arg>Chrome</arg>
<doc>Creates an instance of Selenium WebDriver.</doc>
<msg timestamp="20250920 15:31:32.330" level="INFO">Creating an instance of the Chrome WebDriver.</msg>
<status status="PASS" starttime="20250920 15:31:32.330" endtime="20250920 15:31:38.335"/>
</kw>
<kw name="Go To" library="SeleniumLibrary">
<arg>${url}</arg>
<doc>Navigates the current browser window to the provided ``url``.</doc>
<msg timestamp="20250920 15:31:38.336" level="INFO">Opening url 'https://rahulshettyacademy.com/loginpagePractise/'</msg>
<status status="PASS" starttime="20250920 15:31:38.335" endtime="20250920 15:31:42.070"/>
</kw>
<kw name="Maximize Browser Window" library="SeleniumLibrary">
<doc>Maximizes current browser window.</doc>
<status status="PASS" starttime="20250920 15:31:42.071" endtime="20250920 15:31:42.433"/>
</kw>
<status status="PASS" starttime="20250920 15:31:32.330" endtime="20250920 15:31:42.434"/>
</kw>
<kw name="Fill the login form" library="loginPage">
<arg>${UserName}</arg>
<arg>${Password}</arg>
<kw name="Input Text" library="SeleniumLibrary">
<arg>id:username</arg>
<arg>${UserName}</arg>
<doc>Types the given ``text`` into the text field identified by ``locator``.</doc>
<msg timestamp="20250920 15:31:42.438" level="INFO">Typing text 'rahulshettyacademy' into text field 'id:username'.</msg>
<status status="PASS" starttime="20250920 15:31:42.436" endtime="20250920 15:31:42.549"/>
</kw>
<kw name="Input Password" library="SeleniumLibrary">
<arg>password</arg>
<arg>${Password}</arg>
<doc>Types the given password into the text field identified by ``locator``.</doc>
<msg timestamp="20250920 15:31:42.551" level="INFO">Typing password into text field 'password'.</msg>
<msg timestamp="20250920 15:31:42.605" level="INFO">Temporally setting log level to: NONE</msg>
<msg timestamp="20250920 15:31:42.654" level="INFO">Log level changed from NONE to INFO.</msg>
<status status="PASS" starttime="20250920 15:31:42.550" endtime="20250920 15:31:42.654"/>
</kw>
<kw name="Click Button" library="SeleniumLibrary">
<arg>signInBtn</arg>
<doc>Clicks the button identified by ``locator``.</doc>
<msg timestamp="20250920 15:31:42.656" level="INFO">Clicking button 'signInBtn'.</msg>
<status status="PASS" starttime="20250920 15:31:42.655" endtime="20250920 15:31:42.710"/>
</kw>
<status status="PASS" starttime="20250920 15:31:42.434" endtime="20250920 15:31:42.710"/>
</kw>
<kw name="Extract brand title form the page" library="shopPage">
<kw name="Wait Until Element Is Visible" library="SeleniumLibrary">
<arg>xpath://h4[@class='card-title']</arg>
<doc>Waits until the element ``locator`` is visible.</doc>
<status status="PASS" starttime="20250920 15:31:42.711" endtime="20250920 15:31:45.621"/>
</kw>
<kw name="Scroll Element Into View" library="SeleniumLibrary">
<arg>xpath://h4[@class='card-title']</arg>
<doc>Scrolls the element identified by ``locator`` into view.</doc>
<status status="PASS" starttime="20250920 15:31:45.622" endtime="20250920 15:31:45.913"/>
</kw>
<kw name="Get WebElements" library="SeleniumLibrary">
<var>${brandTitles}</var>
<arg>xpath://h4[@class='card-title']</arg>
<doc>Returns a list of WebElement objects matching the ``locator``.</doc>
<msg timestamp="20250920 15:31:45.929" level="INFO">${brandTitles} = [&lt;selenium.webdriver.remote.webelement.WebElement (session="2ffa4c6e316a9c74b4057f0f2f1b7a20", element="7c71546a-1556-4750-823a-b249e5bb3d5f")&gt;, &lt;selenium.webdriver.remote.webelement.WebElement (sessi...</msg>
<status status="PASS" starttime="20250920 15:31:45.914" endtime="20250920 15:31:45.929"/>
</kw>
<for flavor="IN">
<var>${brand}</var>
<value>@{brandTitles}</value>
<iter>
<var name="${brand}">&lt;selenium.webdriver.remote.webelement.WebElement (session="2ffa4c6e316a9c74b4057f0f2f1b7a20", element="7c71546a-1556-4750-823a-b249e5bb3d5f")&gt;</var>
<kw name="Get Text" library="SeleniumLibrary">
<var>${text}</var>
<arg>${brand}</arg>
<doc>Returns the text value of the element identified by ``locator``.</doc>
<msg timestamp="20250920 15:31:45.951" level="INFO">${text} = iphone X</msg>
<status status="PASS" starttime="20250920 15:31:45.931" endtime="20250920 15:31:45.952"/>
</kw>
<kw name="Log To Console" library="BuiltIn">
<arg>${text}</arg>
<doc>Logs the given message to the console.</doc>
<status status="PASS" starttime="20250920 15:31:45.952" endtime="20250920 15:31:45.952"/>
</kw>
<kw name="Append To List" library="Collections">
<arg>${actualBrandList}</arg>
<arg>${text}</arg>
<doc>Adds ``values`` to the end of ``list``.</doc>
<status status="PASS" starttime="20250920 15:31:45.953" endtime="20250920 15:31:45.953"/>
</kw>
<kw name="Log To Console" library="BuiltIn">
<arg>${actualBrandList}</arg>
<doc>Logs the given message to the console.</doc>
<status status="PASS" starttime="20250920 15:31:45.953" endtime="20250920 15:31:45.969"/>
</kw>
<status status="PASS" starttime="20250920 15:31:45.930" endtime="20250920 15:31:45.969"/>
</iter>
<iter>
<var name="${brand}">&lt;selenium.webdriver.remote.webelement.WebElement (session="2ffa4c6e316a9c74b4057f0f2f1b7a20", element="07491214-2c34-415a-9796-87f669f05dc8")&gt;</var>
<kw name="Get Text" library="SeleniumLibrary">
<var>${text}</var>
<arg>${brand}</arg>
<doc>Returns the text value of the element identified by ``locator``.</doc>
<msg timestamp="20250920 15:31:45.984" level="INFO">${text} = Samsung Note 8</msg>
<status status="PASS" starttime="20250920 15:31:45.970" endtime="20250920 15:31:45.984"/>
</kw>
<kw name="Log To Console" library="BuiltIn">
<arg>${text}</arg>
<doc>Logs the given message to the console.</doc>
<status status="PASS" starttime="20250920 15:31:45.984" endtime="20250920 15:31:45.985"/>
</kw>
<kw name="Append To List" library="Collections">
<arg>${actualBrandList}</arg>
<arg>${text}</arg>
<doc>Adds ``values`` to the end of ``list``.</doc>
<status status="PASS" starttime="20250920 15:31:45.985" endtime="20250920 15:31:45.985"/>
</kw>
<kw name="Log To Console" library="BuiltIn">
<arg>${actualBrandList}</arg>
<doc>Logs the given message to the console.</doc>
<status status="PASS" starttime="20250920 15:31:45.985" endtime="20250920 15:31:45.986"/>
</kw>
<status status="PASS" starttime="20250920 15:31:45.969" endtime="20250920 15:31:45.986"/>
</iter>
<iter>
<var name="${brand}">&lt;selenium.webdriver.remote.webelement.WebElement (session="2ffa4c6e316a9c74b4057f0f2f1b7a20", element="0f2f150d-172d-4b9c-aeff-d639a2e9ccb4")&gt;</var>
<kw name="Get Text" library="SeleniumLibrary">
<var>${text}</var>
<arg>${brand}</arg>
<doc>Returns the text value of the element identified by ``locator``.</doc>
<msg timestamp="20250920 15:31:45.998" level="INFO">${text} = Nokia Edge</msg>
<status status="PASS" starttime="20250920 15:31:45.986" endtime="20250920 15:31:45.999"/>
</kw>
<kw name="Log To Console" library="BuiltIn">
<arg>${text}</arg>
<doc>Logs the given message to the console.</doc>
<status status="PASS" starttime="20250920 15:31:45.999" endtime="20250920 15:31:45.999"/>
</kw>
<kw name="Append To List" library="Collections">
<arg>${actualBrandList}</arg>
<arg>${text}</arg>
<doc>Adds ``values`` to the end of ``list``.</doc>
<status status="PASS" starttime="20250920 15:31:45.999" endtime="20250920 15:31:46.000"/>
</kw>
<kw name="Log To Console" library="BuiltIn">
<arg>${actualBrandList}</arg>
<doc>Logs the given message to the console.</doc>
<status status="PASS" starttime="20250920 15:31:46.000" endtime="20250920 15:31:46.000"/>
</kw>
<status status="PASS" starttime="20250920 15:31:45.986" endtime="20250920 15:31:46.000"/>
</iter>
<iter>
<var name="${brand}">&lt;selenium.webdriver.remote.webelement.WebElement (session="2ffa4c6e316a9c74b4057f0f2f1b7a20", element="3a16d831-36a4-432b-a8cd-cd558727a800")&gt;</var>
<kw name="Get Text" library="SeleniumLibrary">
<var>${text}</var>
<arg>${brand}</arg>
<doc>Returns the text value of the element identified by ``locator``.</doc>
<msg timestamp="20250920 15:31:46.014" level="INFO">${text} = Blackberry</msg>
<status status="PASS" starttime="20250920 15:31:46.001" endtime="20250920 15:31:46.014"/>
</kw>
<kw name="Log To Console" library="BuiltIn">
<arg>${text}</arg>
<doc>Logs the given message to the console.</doc>
<status status="PASS" starttime="20250920 15:31:46.014" endtime="20250920 15:31:46.015"/>
</kw>
<kw name="Append To List" library="Collections">
<arg>${actualBrandList}</arg>
<arg>${text}</arg>
<doc>Adds ``values`` to the end of ``list``.</doc>
<status status="PASS" starttime="20250920 15:31:46.015" endtime="20250920 15:31:46.015"/>
</kw>
<kw name="Log To Console" library="BuiltIn">
<arg>${actualBrandList}</arg>
<doc>Logs the given message to the console.</doc>
<status status="PASS" starttime="20250920 15:31:46.015" endtime="20250920 15:31:46.016"/>
</kw>
<status status="PASS" starttime="20250920 15:31:46.001" endtime="20250920 15:31:46.016"/>
</iter>
<status status="PASS" starttime="20250920 15:31:45.929" endtime="20250920 15:31:46.016"/>
</for>
<status status="PASS" starttime="20250920 15:31:42.711" endtime="20250920 15:31:46.016"/>
</kw>
<kw name="Validate and compare the list" library="shopPage">
<kw name="Lists Should Be Equal" library="Collections">
<arg>${expectedBrandList}</arg>
<arg>${actualBrandList}</arg>
<doc>Fails if given lists are unequal.</doc>
<status status="PASS" starttime="20250920 15:31:46.017" endtime="20250920 15:31:46.017"/>
</kw>
<status status="PASS" starttime="20250920 15:31:46.016" endtime="20250920 15:31:46.017"/>
</kw>
<kw name="Add Item And Checkout" library="shop">
<arg>${productList}</arg>
<msg timestamp="20250920 15:31:46.365" level="INFO">Clicking button '(//button[@class='btn btn-info'])[1]'.</msg>
<msg timestamp="20250920 15:31:46.430" level="INFO">Clicking button '(//button[@class='btn btn-info'])[1]'.</msg>
<msg timestamp="20250920 15:31:46.472" level="INFO">Clicking element '//div[@id='navbarResponsive']//a'.</msg>
<msg timestamp="20250920 15:31:46.528" level="INFO">product added :Samsung Note 8
product added :Blackberry</msg>
<status status="PASS" starttime="20250920 15:31:46.017" endtime="20250920 15:31:46.528"/>
</kw>
<kw name="Complete product checkout" library="checkoutPage">
<kw name="Click Element" library="SeleniumLibrary">
<arg>xpath://button[@class='btn btn-success']</arg>
<doc>Click the element identified by ``locator``.</doc>
<msg timestamp="20250920 15:31:46.531" level="INFO">Clicking element 'xpath://button[@class='btn btn-success']'.</msg>
<status status="PASS" starttime="20250920 15:31:46.530" endtime="20250920 15:31:46.592"/>
</kw>
<kw name="Input Text" library="SeleniumLibrary">
<arg>id:country</arg>
<arg>${countryName}</arg>
<doc>Types the given ``text`` into the text field identified by ``locator``.</doc>
<msg timestamp="20250920 15:31:46.593" level="INFO">Typing text 'India' into text field 'id:country'.</msg>
<status status="PASS" starttime="20250920 15:31:46.592" endtime="20250920 15:31:46.680"/>
</kw>
<kw name="Wait Until Element Is Visible" library="SeleniumLibrary">
<arg>xpath://a[text()='${countryName}']</arg>
<arg>10</arg>
<doc>Waits until the element ``locator`` is visible.</doc>
<status status="PASS" starttime="20250920 15:31:46.680" endtime="20250920 15:31:51.886"/>
</kw>
<kw name="Click Element" library="SeleniumLibrary">
<arg>xpath://a[text()='${countryName}']</arg>
<doc>Click the element identified by ``locator``.</doc>
<msg timestamp="20250920 15:31:51.889" level="INFO">Clicking element 'xpath://a[text()='India']'.</msg>
<status status="PASS" starttime="20250920 15:31:51.887" endtime="20250920 15:31:51.928"/>
</kw>
<kw name="Sleep" library="BuiltIn">
<arg>5</arg>
<doc>Pauses the test executed for the given time.</doc>
<msg timestamp="20250920 15:31:56.929" level="INFO">Slept 5 seconds</msg>
<status status="PASS" starttime="20250920 15:31:51.929" endtime="20250920 15:31:56.929"/>
</kw>
<kw name="Click Element" library="SeleniumLibrary">
<arg>//label[@for='checkbox2']</arg>
<doc>Click the element identified by ``locator``.</doc>
<msg timestamp="20250920 15:31:56.933" level="INFO">Clicking element '//label[@for='checkbox2']'.</msg>
<status status="PASS" starttime="20250920 15:31:56.930" endtime="20250920 15:31:57.012"/>
</kw>
<kw name="Click Element" library="SeleniumLibrary">
<arg>xpath://input[@value='Purchase']</arg>
<doc>Click the element identified by ``locator``.</doc>
<msg timestamp="20250920 15:31:57.013" level="INFO">Clicking element 'xpath://input[@value='Purchase']'.</msg>
<status status="PASS" starttime="20250920 15:31:57.013" endtime="20250920 15:31:57.064"/>
</kw>
<status status="PASS" starttime="20250920 15:31:46.529" endtime="20250920 15:31:57.065"/>
</kw>
<kw name="Validate product has been successfully ordered" library="checkoutPage">
<kw name="Page Should Contain" library="SeleniumLibrary">
<arg>Success!</arg>
<doc>Verifies that current page contains ``text``.</doc>
<msg timestamp="20250920 15:31:57.092" level="INFO">Current page contains text 'Success!'.</msg>
<status status="PASS" starttime="20250920 15:31:57.066" endtime="20250920 15:31:57.092"/>
</kw>
<status status="PASS" starttime="20250920 15:31:57.065" endtime="20250920 15:31:57.092"/>
</kw>
<status status="PASS" starttime="20250920 15:31:32.330" endtime="20250920 15:31:57.093"/>
</test>
<doc>Order product from ecommerce website</doc>
<status status="PASS" starttime="20250920 15:31:32.125" endtime="20250920 15:31:57.094"/>
</suite>
<statistics>
<total>
<stat pass="1" fail="0" skip="0">All Tests</stat>
</total>
<tag>
</tag>
<suite>
<stat pass="1" fail="0" skip="0" id="s1" name="endToendPractice">endToendPractice</stat>
</suite>
</statistics>
<errors>
</errors>
</robot>
